mode: set
go-learning/chapter6/bitset/bitset.go:15.29,17.2 1 1
go-learning/chapter6/bitset/bitset.go:19.38,22.2 2 1
go-learning/chapter6/bitset/bitset.go:24.33,27.40 2 1
go-learning/chapter6/bitset/bitset.go:27.40,29.3 1 1
go-learning/chapter6/bitset/bitset.go:30.2,30.38 1 1
go-learning/chapter6/bitset/bitset.go:30.38,33.3 2 1
go-learning/chapter6/bitset/bitset.go:37.36,38.17 1 1
go-learning/chapter6/bitset/bitset.go:38.17,40.3 1 1
go-learning/chapter6/bitset/bitset.go:41.2,41.24 1 1
go-learning/chapter6/bitset/bitset.go:41.24,43.3 1 1
go-learning/chapter6/bitset/bitset.go:46.36,47.16 1 1
go-learning/chapter6/bitset/bitset.go:47.16,49.3 1 1
go-learning/chapter6/bitset/bitset.go:50.2,52.32 3 1
go-learning/chapter6/bitset/bitset.go:55.27,59.2 3 1
go-learning/chapter6/bitset/bitset.go:61.40,62.18 1 1
go-learning/chapter6/bitset/bitset.go:62.18,64.3 1 1
go-learning/chapter6/bitset/bitset.go:65.2,65.34 1 1
go-learning/chapter6/bitset/bitset.go:65.34,66.24 1 1
go-learning/chapter6/bitset/bitset.go:66.24,69.4 2 1
go-learning/chapter6/bitset/bitset.go:69.9,73.4 3 1
go-learning/chapter6/bitset/bitset.go:77.44,78.31 1 1
go-learning/chapter6/bitset/bitset.go:78.31,80.3 1 1
go-learning/chapter6/bitset/bitset.go:81.2,81.31 1 1
go-learning/chapter6/bitset/bitset.go:81.31,82.27 1 1
go-learning/chapter6/bitset/bitset.go:82.27,85.4 2 1
go-learning/chapter6/bitset/bitset.go:85.9,89.4 3 1
go-learning/chapter6/bitset/bitset.go:93.45,94.31 1 1
go-learning/chapter6/bitset/bitset.go:94.31,96.3 1 1
go-learning/chapter6/bitset/bitset.go:97.2,97.31 1 1
go-learning/chapter6/bitset/bitset.go:97.31,98.27 1 1
go-learning/chapter6/bitset/bitset.go:98.27,99.9 1 0
go-learning/chapter6/bitset/bitset.go:101.3,103.39 3 1
go-learning/chapter6/bitset/bitset.go:107.53,108.31 1 1
go-learning/chapter6/bitset/bitset.go:108.31,110.3 1 1
go-learning/chapter6/bitset/bitset.go:111.2,111.34 1 1
go-learning/chapter6/bitset/bitset.go:111.34,112.24 1 1
go-learning/chapter6/bitset/bitset.go:112.24,115.4 2 1
go-learning/chapter6/bitset/bitset.go:115.9,119.4 3 1
go-learning/chapter6/bitset/bitset.go:123.36,124.15 1 0
go-learning/chapter6/bitset/bitset.go:124.15,126.3 1 0
go-learning/chapter6/bitset/bitset.go:127.2,128.31 2 0
go-learning/chapter6/bitset/bitset.go:128.31,129.16 1 0
go-learning/chapter6/bitset/bitset.go:129.16,130.12 1 0
go-learning/chapter6/bitset/bitset.go:132.3,132.27 1 0
go-learning/chapter6/bitset/bitset.go:132.27,133.24 1 0
go-learning/chapter6/bitset/bitset.go:133.24,135.5 1 0
go-learning/chapter6/bitset/bitset.go:138.2,138.14 1 0
go-learning/chapter6/bitset/bitset.go:141.35,144.31 3 1
go-learning/chapter6/bitset/bitset.go:144.31,145.16 1 1
go-learning/chapter6/bitset/bitset.go:145.16,146.12 1 1
go-learning/chapter6/bitset/bitset.go:148.3,148.27 1 1
go-learning/chapter6/bitset/bitset.go:148.27,149.24 1 1
go-learning/chapter6/bitset/bitset.go:149.24,150.13 1 1
go-learning/chapter6/bitset/bitset.go:152.4,152.21 1 1
go-learning/chapter6/bitset/bitset.go:152.21,154.5 1 1
go-learning/chapter6/bitset/bitset.go:155.4,155.35 1 1
go-learning/chapter6/bitset/bitset.go:158.2,159.21 2 1
go-learning/chapter6/bitset/bitset.go:162.34,163.15 1 1
go-learning/chapter6/bitset/bitset.go:163.15,165.3 1 1
go-learning/chapter6/bitset/bitset.go:166.2,169.3 1 1
